[ERROR] 2020-04-28 19:55:42,800 | Mars.Core.SimulationStepExecutor.Implementation.StepExecutionUseCase - An item with the same key has already been added. Key: 1 
[ERROR] 2020-04-28 19:55:42,811 | Mars.Core.SimulationStarter.SimulationStarter - MARS simulation execution crashed by AggregateException 
[ERROR] 2020-04-28 19:55:42,811 | Mars.Core.SimulationStarter.SimulationStarter - Exception message: 
[ERROR] 2020-04-28 19:55:42,811 | Mars.Core.SimulationStarter.SimulationStarter - ######################################################## 
[ERROR] 2020-04-28 19:55:42,811 | Mars.Core.SimulationStarter.SimulationStarter - One or more errors occurred. (An item with the same key has already been added. Key: 1) (An item with the same key has already been added. Key: 1) 
[ERROR] 2020-04-28 19:55:42,812 | Mars.Core.SimulationStarter.SimulationStarter - ######################################################## 
[ERROR] 2020-04-29 23:08:30,093 | Mars.Core.SimulationStepExecutor.Implementation.StepExecutionUseCase - Object reference not set to an instance of an object. 
[ERROR] 2020-04-29 23:08:30,115 | Mars.Core.SimulationStarter.SimulationStarter - MARS simulation execution crashed by AggregateException 
[ERROR] 2020-04-29 23:08:30,115 | Mars.Core.SimulationStarter.SimulationStarter - Exception message: 
[ERROR] 2020-04-29 23:08:30,115 | Mars.Core.SimulationStarter.SimulationStarter - ######################################################## 
[ERROR] 2020-04-29 23:08:30,115 | Mars.Core.SimulationStarter.SimulationStarter - One or more errors occurred. (Object reference not set to an instance of an object.) 
[ERROR] 2020-04-29 23:08:30,115 | Mars.Core.SimulationStarter.SimulationStarter - ######################################################## 
[ERROR] 2020-04-29 23:08:56,980 | Mars.Core.SimulationStepExecutor.Implementation.StepExecutionUseCase - Object reference not set to an instance of an object. 
[ERROR] 2020-04-29 23:08:56,991 | Mars.Core.SimulationStarter.SimulationStarter - MARS simulation execution crashed by AggregateException 
[ERROR] 2020-04-29 23:08:56,991 | Mars.Core.SimulationStarter.SimulationStarter - Exception message: 
[ERROR] 2020-04-29 23:08:56,991 | Mars.Core.SimulationStarter.SimulationStarter - ######################################################## 
[ERROR] 2020-04-29 23:08:56,991 | Mars.Core.SimulationStarter.SimulationStarter - One or more errors occurred. (Object reference not set to an instance of an object.) 
[ERROR] 2020-04-29 23:08:56,991 | Mars.Core.SimulationStarter.SimulationStarter - ######################################################## 
[ERROR] 2020-04-29 23:09:47,202 | Mars.Core.SimulationStepExecutor.Implementation.StepExecutionUseCase - Object reference not set to an instance of an object. 
[ERROR] 2020-04-29 23:09:47,213 | Mars.Core.SimulationStarter.SimulationStarter - MARS simulation execution crashed by AggregateException 
[ERROR] 2020-04-29 23:09:47,213 | Mars.Core.SimulationStarter.SimulationStarter - Exception message: 
[ERROR] 2020-04-29 23:09:47,213 | Mars.Core.SimulationStarter.SimulationStarter - ######################################################## 
[ERROR] 2020-04-29 23:09:47,213 | Mars.Core.SimulationStarter.SimulationStarter - One or more errors occurred. (Object reference not set to an instance of an object.) 
[ERROR] 2020-04-29 23:09:47,213 | Mars.Core.SimulationStarter.SimulationStarter - ######################################################## 
[ERROR] 2020-04-29 23:12:44,856 | Mars.Core.SimulationStepExecutor.Implementation.StepExecutionUseCase - Object reference not set to an instance of an object. 
[ERROR] 2020-04-29 23:12:44,867 | Mars.Core.SimulationStarter.SimulationStarter - MARS simulation execution crashed by AggregateException 
[ERROR] 2020-04-29 23:12:44,867 | Mars.Core.SimulationStarter.SimulationStarter - Exception message: 
[ERROR] 2020-04-29 23:12:44,867 | Mars.Core.SimulationStarter.SimulationStarter - ######################################################## 
[ERROR] 2020-04-29 23:12:44,867 | Mars.Core.SimulationStarter.SimulationStarter - One or more errors occurred. (Object reference not set to an instance of an object.) 
[ERROR] 2020-04-29 23:12:44,867 | Mars.Core.SimulationStarter.SimulationStarter - ######################################################## 
[ERROR] 2020-04-30 01:02:26,453 | Mars.Core.SimulationStepExecutor.Implementation.StepExecutionUseCase - Object reference not set to an instance of an object. 
[ERROR] 2020-04-30 01:02:26,463 | Mars.Core.SimulationStarter.SimulationStarter - MARS simulation execution crashed by AggregateException 
[ERROR] 2020-04-30 01:02:26,463 | Mars.Core.SimulationStarter.SimulationStarter - Exception message: 
[ERROR] 2020-04-30 01:02:26,463 | Mars.Core.SimulationStarter.SimulationStarter - ######################################################## 
[ERROR] 2020-04-30 01:02:26,463 | Mars.Core.SimulationStarter.SimulationStarter - One or more errors occurred. (Object reference not set to an instance of an object.) 
[ERROR] 2020-04-30 01:02:26,463 | Mars.Core.SimulationStarter.SimulationStarter - ######################################################## 
[ERROR] 2020-04-30 01:04:00,888 | Mars.Core.SimulationStepExecutor.Implementation.StepExecutionUseCase - Object reference not set to an instance of an object. 
[ERROR] 2020-04-30 01:04:00,899 | Mars.Core.SimulationStarter.SimulationStarter - MARS simulation execution crashed by AggregateException 
[ERROR] 2020-04-30 01:04:00,899 | Mars.Core.SimulationStarter.SimulationStarter - Exception message: 
[ERROR] 2020-04-30 01:04:00,899 | Mars.Core.SimulationStarter.SimulationStarter - ######################################################## 
[ERROR] 2020-04-30 01:04:00,899 | Mars.Core.SimulationStarter.SimulationStarter - One or more errors occurred. (Object reference not set to an instance of an object.) 
[ERROR] 2020-04-30 01:04:00,899 | Mars.Core.SimulationStarter.SimulationStarter - ######################################################## 
[ERROR] 2020-04-30 01:10:56,719 | Mars.Core.SimulationStepExecutor.Implementation.StepExecutionUseCase - Object reference not set to an instance of an object. 
[ERROR] 2020-04-30 01:10:56,730 | Mars.Core.SimulationStarter.SimulationStarter - MARS simulation execution crashed by AggregateException 
[ERROR] 2020-04-30 01:10:56,730 | Mars.Core.SimulationStarter.SimulationStarter - Exception message: 
[ERROR] 2020-04-30 01:10:56,730 | Mars.Core.SimulationStarter.SimulationStarter - ######################################################## 
[ERROR] 2020-04-30 01:10:56,730 | Mars.Core.SimulationStarter.SimulationStarter - One or more errors occurred. (Object reference not set to an instance of an object.) 
[ERROR] 2020-04-30 01:10:56,730 | Mars.Core.SimulationStarter.SimulationStarter - ######################################################## 
[ERROR] 2020-04-30 01:12:26,355 | Mars.Core.SimulationStepExecutor.Implementation.StepExecutionUseCase - Object reference not set to an instance of an object. 
[ERROR] 2020-04-30 01:12:26,366 | Mars.Core.SimulationStarter.SimulationStarter - MARS simulation execution crashed by AggregateException 
[ERROR] 2020-04-30 01:12:26,366 | Mars.Core.SimulationStarter.SimulationStarter - Exception message: 
[ERROR] 2020-04-30 01:12:26,366 | Mars.Core.SimulationStarter.SimulationStarter - ######################################################## 
[ERROR] 2020-04-30 01:12:26,366 | Mars.Core.SimulationStarter.SimulationStarter - One or more errors occurred. (Object reference not set to an instance of an object.) 
[ERROR] 2020-04-30 01:12:26,366 | Mars.Core.SimulationStarter.SimulationStarter - ######################################################## 
[ERROR] 2020-04-30 01:17:38,970 | Mars.Core.SimulationStepExecutor.Implementation.StepExecutionUseCase - Object reference not set to an instance of an object. 
[ERROR] 2020-04-30 01:17:38,981 | Mars.Core.SimulationStarter.SimulationStarter - MARS simulation execution crashed by AggregateException 
[ERROR] 2020-04-30 01:17:38,981 | Mars.Core.SimulationStarter.SimulationStarter - Exception message: 
[ERROR] 2020-04-30 01:17:38,981 | Mars.Core.SimulationStarter.SimulationStarter - ######################################################## 
[ERROR] 2020-04-30 01:17:38,981 | Mars.Core.SimulationStarter.SimulationStarter - One or more errors occurred. (Object reference not set to an instance of an object.) 
[ERROR] 2020-04-30 01:17:38,981 | Mars.Core.SimulationStarter.SimulationStarter - ######################################################## 
[ERROR] 2020-05-29 17:33:29,563 | Mars.Core.SimulationStepExecutor.Implementation.StepExecutionUseCase - Index was out of range. Must be non-negative and less than the size of the collection.
Parameter name: index 
[ERROR] 2020-05-29 17:33:29,576 | Mars.Core.SimulationStarter.SimulationStarter - MARS simulation execution crashed by AggregateException 
[ERROR] 2020-05-29 17:33:29,576 | Mars.Core.SimulationStarter.SimulationStarter - Exception message: 
[ERROR] 2020-05-29 17:33:29,576 | Mars.Core.SimulationStarter.SimulationStarter - ######################################################## 
[ERROR] 2020-05-29 17:33:29,576 | Mars.Core.SimulationStarter.SimulationStarter - One or more errors occurred. (Index was out of range. Must be non-negative and less than the size of the collection.
Parameter name: index) (Index was out of range. Must be non-negative and less than the size of the collection.
Parameter name: index) (Index was out of range. Must be non-negative and less than the size of the collection.
Parameter name: index) (Index was out of range. Must be non-negative and less than the size of the collection.
Parameter name: index) 
[ERROR] 2020-05-29 17:33:29,576 | Mars.Core.SimulationStarter.SimulationStarter - ######################################################## 
[ERROR] 2020-05-29 17:35:49,465 | Mars.Core.SimulationStepExecutor.Implementation.StepExecutionUseCase - Index was out of range. Must be non-negative and less than the size of the collection.
Parameter name: index 
[ERROR] 2020-05-29 17:35:49,476 | Mars.Core.SimulationStarter.SimulationStarter - MARS simulation execution crashed by AggregateException 
[ERROR] 2020-05-29 17:35:49,476 | Mars.Core.SimulationStarter.SimulationStarter - Exception message: 
[ERROR] 2020-05-29 17:35:49,476 | Mars.Core.SimulationStarter.SimulationStarter - ######################################################## 
[ERROR] 2020-05-29 17:35:49,476 | Mars.Core.SimulationStarter.SimulationStarter - One or more errors occurred. (Index was out of range. Must be non-negative and less than the size of the collection.
Parameter name: index) (Index was out of range. Must be non-negative and less than the size of the collection.
Parameter name: index) (Index was out of range. Must be non-negative and less than the size of the collection.
Parameter name: index) (Index was out of range. Must be non-negative and less than the size of the collection.
Parameter name: index) 
[ERROR] 2020-05-29 17:35:49,476 | Mars.Core.SimulationStarter.SimulationStarter - ######################################################## 
[ERROR] 2020-05-29 17:39:41,591 | Mars.Core.SimulationStepExecutor.Implementation.StepExecutionUseCase - Index was out of range. Must be non-negative and less than the size of the collection.
Parameter name: index 
[ERROR] 2020-05-29 17:39:41,602 | Mars.Core.SimulationStarter.SimulationStarter - MARS simulation execution crashed by AggregateException 
[ERROR] 2020-05-29 17:39:41,602 | Mars.Core.SimulationStarter.SimulationStarter - Exception message: 
[ERROR] 2020-05-29 17:39:41,602 | Mars.Core.SimulationStarter.SimulationStarter - ######################################################## 
[ERROR] 2020-05-29 17:39:41,602 | Mars.Core.SimulationStarter.SimulationStarter - One or more errors occurred. (Index was out of range. Must be non-negative and less than the size of the collection.
Parameter name: index) (Index was out of range. Must be non-negative and less than the size of the collection.
Parameter name: index) (Index was out of range. Must be non-negative and less than the size of the collection.
Parameter name: index) (Index was out of range. Must be non-negative and less than the size of the collection.
Parameter name: index) 
[ERROR] 2020-05-29 17:39:41,602 | Mars.Core.SimulationStarter.SimulationStarter - ######################################################## 
[ERROR] 2020-05-29 17:41:06,474 | Mars.Core.SimulationStepExecutor.Implementation.StepExecutionUseCase - Index was out of range. Must be non-negative and less than the size of the collection.
Parameter name: index 
[ERROR] 2020-05-29 17:41:06,484 | Mars.Core.SimulationStarter.SimulationStarter - MARS simulation execution crashed by AggregateException 
[ERROR] 2020-05-29 17:41:06,484 | Mars.Core.SimulationStarter.SimulationStarter - Exception message: 
[ERROR] 2020-05-29 17:41:06,484 | Mars.Core.SimulationStarter.SimulationStarter - ######################################################## 
[ERROR] 2020-05-29 17:41:06,484 | Mars.Core.SimulationStarter.SimulationStarter - One or more errors occurred. (Index was out of range. Must be non-negative and less than the size of the collection.
Parameter name: index) (Index was out of range. Must be non-negative and less than the size of the collection.
Parameter name: index) (Index was out of range. Must be non-negative and less than the size of the collection.
Parameter name: index) (Index was out of range. Must be non-negative and less than the size of the collection.
Parameter name: index) 
[ERROR] 2020-05-29 17:41:06,484 | Mars.Core.SimulationStarter.SimulationStarter - ######################################################## 
[ERROR] 2020-05-29 18:35:05,661 | Mars.Core.SimulationStepExecutor.Implementation.StepExecutionUseCase - Index was out of range. Must be non-negative and less than the size of the collection.
Parameter name: index 
[ERROR] 2020-05-29 18:35:05,670 | Mars.Core.SimulationStarter.SimulationStarter - MARS simulation execution crashed by AggregateException 
[ERROR] 2020-05-29 18:35:05,670 | Mars.Core.SimulationStarter.SimulationStarter - Exception message: 
[ERROR] 2020-05-29 18:35:05,670 | Mars.Core.SimulationStarter.SimulationStarter - ######################################################## 
[ERROR] 2020-05-29 18:35:05,670 | Mars.Core.SimulationStarter.SimulationStarter - One or more errors occurred. (Index was out of range. Must be non-negative and less than the size of the collection.
Parameter name: index) 
[ERROR] 2020-05-29 18:35:05,670 | Mars.Core.SimulationStarter.SimulationStarter - ######################################################## 
[ERROR] 2020-05-29 18:36:07,620 | Mars.Core.SimulationStepExecutor.Implementation.StepExecutionUseCase - Index was out of range. Must be non-negative and less than the size of the collection.
Parameter name: index 
[ERROR] 2020-05-29 18:36:07,630 | Mars.Core.SimulationStarter.SimulationStarter - MARS simulation execution crashed by AggregateException 
[ERROR] 2020-05-29 18:36:07,630 | Mars.Core.SimulationStarter.SimulationStarter - Exception message: 
[ERROR] 2020-05-29 18:36:07,630 | Mars.Core.SimulationStarter.SimulationStarter - ######################################################## 
[ERROR] 2020-05-29 18:36:07,630 | Mars.Core.SimulationStarter.SimulationStarter - One or more errors occurred. (Index was out of range. Must be non-negative and less than the size of the collection.
Parameter name: index) 
[ERROR] 2020-05-29 18:36:07,630 | Mars.Core.SimulationStarter.SimulationStarter - ######################################################## 
[ERROR] 2020-05-29 18:41:31,029 | Mars.Core.SimulationStepExecutor.Implementation.StepExecutionUseCase - Index was out of range. Must be non-negative and less than the size of the collection.
Parameter name: index 
[ERROR] 2020-05-29 18:41:31,040 | Mars.Core.SimulationStarter.SimulationStarter - MARS simulation execution crashed by AggregateException 
[ERROR] 2020-05-29 18:41:31,041 | Mars.Core.SimulationStarter.SimulationStarter - Exception message: 
[ERROR] 2020-05-29 18:41:31,041 | Mars.Core.SimulationStarter.SimulationStarter - ######################################################## 
[ERROR] 2020-05-29 18:41:31,041 | Mars.Core.SimulationStarter.SimulationStarter - One or more errors occurred. (Index was out of range. Must be non-negative and less than the size of the collection.
Parameter name: index) 
[ERROR] 2020-05-29 18:41:31,041 | Mars.Core.SimulationStarter.SimulationStarter - ######################################################## 
[ERROR] 2020-05-29 18:54:27,141 | Mars.Core.SimulationStepExecutor.Implementation.StepExecutionUseCase - Index was out of range. Must be non-negative and less than the size of the collection.
Parameter name: index 
[ERROR] 2020-05-29 18:54:27,149 | Mars.Core.SimulationStarter.SimulationStarter - MARS simulation execution crashed by AggregateException 
[ERROR] 2020-05-29 18:54:27,150 | Mars.Core.SimulationStarter.SimulationStarter - Exception message: 
[ERROR] 2020-05-29 18:54:27,150 | Mars.Core.SimulationStarter.SimulationStarter - ######################################################## 
[ERROR] 2020-05-29 18:54:27,150 | Mars.Core.SimulationStarter.SimulationStarter - One or more errors occurred. (Index was out of range. Must be non-negative and less than the size of the collection.
Parameter name: index) 
[ERROR] 2020-05-29 18:54:27,150 | Mars.Core.SimulationStarter.SimulationStarter - ######################################################## 
[ERROR] 2020-05-29 19:02:55,507 | Mars.Core.SimulationStepExecutor.Implementation.StepExecutionUseCase - Index was out of range. Must be non-negative and less than the size of the collection.
Parameter name: index 
[ERROR] 2020-05-29 19:02:55,515 | Mars.Core.SimulationStarter.SimulationStarter - MARS simulation execution crashed by AggregateException 
[ERROR] 2020-05-29 19:02:55,516 | Mars.Core.SimulationStarter.SimulationStarter - Exception message: 
[ERROR] 2020-05-29 19:02:55,516 | Mars.Core.SimulationStarter.SimulationStarter - ######################################################## 
[ERROR] 2020-05-29 19:02:55,516 | Mars.Core.SimulationStarter.SimulationStarter - One or more errors occurred. (Index was out of range. Must be non-negative and less than the size of the collection.
Parameter name: index) 
[ERROR] 2020-05-29 19:02:55,516 | Mars.Core.SimulationStarter.SimulationStarter - ######################################################## 
[ERROR] 2020-05-29 19:04:07,976 | Mars.Core.SimulationStepExecutor.Implementation.StepExecutionUseCase - Index was out of range. Must be non-negative and less than the size of the collection.
Parameter name: index 
[ERROR] 2020-05-29 19:04:07,986 | Mars.Core.SimulationStarter.SimulationStarter - MARS simulation execution crashed by AggregateException 
[ERROR] 2020-05-29 19:04:07,986 | Mars.Core.SimulationStarter.SimulationStarter - Exception message: 
[ERROR] 2020-05-29 19:04:07,986 | Mars.Core.SimulationStarter.SimulationStarter - ######################################################## 
[ERROR] 2020-05-29 19:04:07,986 | Mars.Core.SimulationStarter.SimulationStarter - One or more errors occurred. (Index was out of range. Must be non-negative and less than the size of the collection.
Parameter name: index) 
[ERROR] 2020-05-29 19:04:07,986 | Mars.Core.SimulationStarter.SimulationStarter - ######################################################## 
[ERROR] 2020-05-29 19:11:31,586 | Mars.Core.SimulationStepExecutor.Implementation.StepExecutionUseCase - Index was out of range. Must be non-negative and less than the size of the collection.
Parameter name: index 
[ERROR] 2020-05-29 19:11:31,605 | Mars.Core.SimulationStarter.SimulationStarter - MARS simulation execution crashed by AggregateException 
[ERROR] 2020-05-29 19:11:31,605 | Mars.Core.SimulationStarter.SimulationStarter - Exception message: 
[ERROR] 2020-05-29 19:11:31,605 | Mars.Core.SimulationStarter.SimulationStarter - ######################################################## 
[ERROR] 2020-05-29 19:11:31,605 | Mars.Core.SimulationStarter.SimulationStarter - One or more errors occurred. (Index was out of range. Must be non-negative and less than the size of the collection.
Parameter name: index) 
[ERROR] 2020-05-29 19:11:31,605 | Mars.Core.SimulationStarter.SimulationStarter - ######################################################## 
[ERROR] 2020-05-29 19:11:53,097 | Mars.Core.SimulationStepExecutor.Implementation.StepExecutionUseCase - Index was out of range. Must be non-negative and less than the size of the collection.
Parameter name: index 
[ERROR] 2020-05-29 19:11:53,112 | Mars.Core.SimulationStarter.SimulationStarter - MARS simulation execution crashed by AggregateException 
[ERROR] 2020-05-29 19:11:53,112 | Mars.Core.SimulationStarter.SimulationStarter - Exception message: 
[ERROR] 2020-05-29 19:11:53,112 | Mars.Core.SimulationStarter.SimulationStarter - ######################################################## 
[ERROR] 2020-05-29 19:11:53,112 | Mars.Core.SimulationStarter.SimulationStarter - One or more errors occurred. (Index was out of range. Must be non-negative and less than the size of the collection.
Parameter name: index) 
[ERROR] 2020-05-29 19:11:53,112 | Mars.Core.SimulationStarter.SimulationStarter - ######################################################## 
[ERROR] 2020-05-29 19:17:10,352 | Mars.Core.SimulationStepExecutor.Implementation.StepExecutionUseCase - Index was out of range. Must be non-negative and less than the size of the collection.
Parameter name: index 
[ERROR] 2020-05-29 19:17:10,362 | Mars.Core.SimulationStarter.SimulationStarter - MARS simulation execution crashed by AggregateException 
[ERROR] 2020-05-29 19:17:10,362 | Mars.Core.SimulationStarter.SimulationStarter - Exception message: 
[ERROR] 2020-05-29 19:17:10,362 | Mars.Core.SimulationStarter.SimulationStarter - ######################################################## 
[ERROR] 2020-05-29 19:17:10,362 | Mars.Core.SimulationStarter.SimulationStarter - One or more errors occurred. (Index was out of range. Must be non-negative and less than the size of the collection.
Parameter name: index) 
[ERROR] 2020-05-29 19:17:10,362 | Mars.Core.SimulationStarter.SimulationStarter - ######################################################## 
[ERROR] 2020-05-29 19:17:40,391 | Mars.Core.SimulationStepExecutor.Implementation.StepExecutionUseCase - Index was out of range. Must be non-negative and less than the size of the collection.
Parameter name: index 
[ERROR] 2020-05-29 19:17:40,400 | Mars.Core.SimulationStarter.SimulationStarter - MARS simulation execution crashed by AggregateException 
[ERROR] 2020-05-29 19:17:40,400 | Mars.Core.SimulationStarter.SimulationStarter - Exception message: 
[ERROR] 2020-05-29 19:17:40,400 | Mars.Core.SimulationStarter.SimulationStarter - ######################################################## 
[ERROR] 2020-05-29 19:17:40,400 | Mars.Core.SimulationStarter.SimulationStarter - One or more errors occurred. (Index was out of range. Must be non-negative and less than the size of the collection.
Parameter name: index) 
[ERROR] 2020-05-29 19:17:40,400 | Mars.Core.SimulationStarter.SimulationStarter - ######################################################## 
[ERROR] 2020-05-29 19:21:53,845 | Mars.Core.SimulationStepExecutor.Implementation.StepExecutionUseCase - Index was out of range. Must be non-negative and less than the size of the collection.
Parameter name: index 
[ERROR] 2020-05-29 19:21:53,855 | Mars.Core.SimulationStarter.SimulationStarter - MARS simulation execution crashed by AggregateException 
[ERROR] 2020-05-29 19:21:53,855 | Mars.Core.SimulationStarter.SimulationStarter - Exception message: 
[ERROR] 2020-05-29 19:21:53,855 | Mars.Core.SimulationStarter.SimulationStarter - ######################################################## 
[ERROR] 2020-05-29 19:21:53,855 | Mars.Core.SimulationStarter.SimulationStarter - One or more errors occurred. (Index was out of range. Must be non-negative and less than the size of the collection.
Parameter name: index) 
[ERROR] 2020-05-29 19:21:53,855 | Mars.Core.SimulationStarter.SimulationStarter - ######################################################## 
[ERROR] 2020-05-29 19:22:55,962 | Mars.Core.SimulationStepExecutor.Implementation.StepExecutionUseCase - Index was out of range. Must be non-negative and less than the size of the collection.
Parameter name: index 
[ERROR] 2020-05-29 19:22:55,972 | Mars.Core.SimulationStarter.SimulationStarter - MARS simulation execution crashed by AggregateException 
[ERROR] 2020-05-29 19:22:55,972 | Mars.Core.SimulationStarter.SimulationStarter - Exception message: 
[ERROR] 2020-05-29 19:22:55,972 | Mars.Core.SimulationStarter.SimulationStarter - ######################################################## 
[ERROR] 2020-05-29 19:22:55,972 | Mars.Core.SimulationStarter.SimulationStarter - One or more errors occurred. (Index was out of range. Must be non-negative and less than the size of the collection.
Parameter name: index) 
[ERROR] 2020-05-29 19:22:55,972 | Mars.Core.SimulationStarter.SimulationStarter - ######################################################## 
[ERROR] 2020-05-29 19:28:14,840 | Mars.Core.SimulationStepExecutor.Implementation.StepExecutionUseCase - Index was out of range. Must be non-negative and less than the size of the collection.
Parameter name: index 
[ERROR] 2020-05-29 19:28:14,851 | Mars.Core.SimulationStarter.SimulationStarter - MARS simulation execution crashed by AggregateException 
[ERROR] 2020-05-29 19:28:14,851 | Mars.Core.SimulationStarter.SimulationStarter - Exception message: 
[ERROR] 2020-05-29 19:28:14,851 | Mars.Core.SimulationStarter.SimulationStarter - ######################################################## 
[ERROR] 2020-05-29 19:28:14,851 | Mars.Core.SimulationStarter.SimulationStarter - One or more errors occurred. (Index was out of range. Must be non-negative and less than the size of the collection.
Parameter name: index) 
[ERROR] 2020-05-29 19:28:14,851 | Mars.Core.SimulationStarter.SimulationStarter - ######################################################## 
[ERROR] 2020-05-29 19:30:09,444 | Mars.Core.SimulationStepExecutor.Implementation.StepExecutionUseCase - Index was out of range. Must be non-negative and less than the size of the collection.
Parameter name: index 
[ERROR] 2020-05-29 19:30:09,453 | Mars.Core.SimulationStarter.SimulationStarter - MARS simulation execution crashed by AggregateException 
[ERROR] 2020-05-29 19:30:09,453 | Mars.Core.SimulationStarter.SimulationStarter - Exception message: 
[ERROR] 2020-05-29 19:30:09,453 | Mars.Core.SimulationStarter.SimulationStarter - ######################################################## 
[ERROR] 2020-05-29 19:30:09,453 | Mars.Core.SimulationStarter.SimulationStarter - One or more errors occurred. (Index was out of range. Must be non-negative and less than the size of the collection.
Parameter name: index) 
[ERROR] 2020-05-29 19:30:09,453 | Mars.Core.SimulationStarter.SimulationStarter - ######################################################## 
[ERROR] 2020-05-29 19:31:44,759 | Mars.Core.SimulationStepExecutor.Implementation.StepExecutionUseCase - Index was out of range. Must be non-negative and less than the size of the collection.
Parameter name: index 
[ERROR] 2020-05-29 19:31:44,768 | Mars.Core.SimulationStarter.SimulationStarter - MARS simulation execution crashed by AggregateException 
[ERROR] 2020-05-29 19:31:44,768 | Mars.Core.SimulationStarter.SimulationStarter - Exception message: 
[ERROR] 2020-05-29 19:31:44,768 | Mars.Core.SimulationStarter.SimulationStarter - ######################################################## 
[ERROR] 2020-05-29 19:31:44,768 | Mars.Core.SimulationStarter.SimulationStarter - One or more errors occurred. (Index was out of range. Must be non-negative and less than the size of the collection.
Parameter name: index) 
[ERROR] 2020-05-29 19:31:44,768 | Mars.Core.SimulationStarter.SimulationStarter - ######################################################## 
[ERROR] 2020-05-29 19:33:28,103 | Mars.Core.SimulationStepExecutor.Implementation.StepExecutionUseCase - Index was out of range. Must be non-negative and less than the size of the collection.
Parameter name: index 
[ERROR] 2020-05-29 19:33:28,112 | Mars.Core.SimulationStarter.SimulationStarter - MARS simulation execution crashed by AggregateException 
[ERROR] 2020-05-29 19:33:28,112 | Mars.Core.SimulationStarter.SimulationStarter - Exception message: 
[ERROR] 2020-05-29 19:33:28,112 | Mars.Core.SimulationStarter.SimulationStarter - ######################################################## 
[ERROR] 2020-05-29 19:33:28,112 | Mars.Core.SimulationStarter.SimulationStarter - One or more errors occurred. (Index was out of range. Must be non-negative and less than the size of the collection.
Parameter name: index) 
[ERROR] 2020-05-29 19:33:28,112 | Mars.Core.SimulationStarter.SimulationStarter - ######################################################## 
[ERROR] 2020-05-29 19:34:47,905 | Mars.Core.SimulationStepExecutor.Implementation.StepExecutionUseCase - Index was out of range. Must be non-negative and less than the size of the collection.
Parameter name: index 
[ERROR] 2020-05-29 19:34:47,925 | Mars.Core.SimulationStarter.SimulationStarter - MARS simulation execution crashed by AggregateException 
[ERROR] 2020-05-29 19:34:47,925 | Mars.Core.SimulationStarter.SimulationStarter - Exception message: 
[ERROR] 2020-05-29 19:34:47,925 | Mars.Core.SimulationStarter.SimulationStarter - ######################################################## 
[ERROR] 2020-05-29 19:34:47,925 | Mars.Core.SimulationStarter.SimulationStarter - One or more errors occurred. (Index was out of range. Must be non-negative and less than the size of the collection.
Parameter name: index) 
[ERROR] 2020-05-29 19:34:47,925 | Mars.Core.SimulationStarter.SimulationStarter - ######################################################## 
[ERROR] 2020-05-29 19:35:47,563 | Mars.Core.SimulationStepExecutor.Implementation.StepExecutionUseCase - Index was out of range. Must be non-negative and less than the size of the collection.
Parameter name: index 
[ERROR] 2020-05-29 19:35:47,574 | Mars.Core.SimulationStarter.SimulationStarter - MARS simulation execution crashed by AggregateException 
[ERROR] 2020-05-29 19:35:47,574 | Mars.Core.SimulationStarter.SimulationStarter - Exception message: 
[ERROR] 2020-05-29 19:35:47,574 | Mars.Core.SimulationStarter.SimulationStarter - ######################################################## 
[ERROR] 2020-05-29 19:35:47,574 | Mars.Core.SimulationStarter.SimulationStarter - One or more errors occurred. (Index was out of range. Must be non-negative and less than the size of the collection.
Parameter name: index) 
[ERROR] 2020-05-29 19:35:47,574 | Mars.Core.SimulationStarter.SimulationStarter - ######################################################## 
[ERROR] 2020-05-29 19:37:17,499 | Mars.Core.SimulationStepExecutor.Implementation.StepExecutionUseCase - Index was out of range. Must be non-negative and less than the size of the collection.
Parameter name: index 
[ERROR] 2020-05-29 19:37:17,510 | Mars.Core.SimulationStarter.SimulationStarter - MARS simulation execution crashed by AggregateException 
[ERROR] 2020-05-29 19:37:17,510 | Mars.Core.SimulationStarter.SimulationStarter - Exception message: 
[ERROR] 2020-05-29 19:37:17,510 | Mars.Core.SimulationStarter.SimulationStarter - ######################################################## 
[ERROR] 2020-05-29 19:37:17,510 | Mars.Core.SimulationStarter.SimulationStarter - One or more errors occurred. (Index was out of range. Must be non-negative and less than the size of the collection.
Parameter name: index) 
[ERROR] 2020-05-29 19:37:17,510 | Mars.Core.SimulationStarter.SimulationStarter - ######################################################## 
[ERROR] 2020-05-31 23:10:22,713 | Mars.Core.SimulationStepExecutor.Implementation.StepExecutionUseCase - Object reference not set to an instance of an object. 
[ERROR] 2020-05-31 23:10:22,734 | Mars.Core.SimulationStarter.SimulationStarter - MARS simulation execution crashed by AggregateException 
[ERROR] 2020-05-31 23:10:22,734 | Mars.Core.SimulationStarter.SimulationStarter - Exception message: 
[ERROR] 2020-05-31 23:10:22,734 | Mars.Core.SimulationStarter.SimulationStarter - ######################################################## 
[ERROR] 2020-05-31 23:10:22,734 | Mars.Core.SimulationStarter.SimulationStarter - One or more errors occurred. (Object reference not set to an instance of an object.) 
[ERROR] 2020-05-31 23:10:22,734 | Mars.Core.SimulationStarter.SimulationStarter - ######################################################## 
[ERROR] 2020-05-31 23:11:35,327 | Mars.Core.SimulationStepExecutor.Implementation.StepExecutionUseCase - Index was out of range. Must be non-negative and less than the size of the collection.
Parameter name: index 
[ERROR] 2020-05-31 23:11:35,340 | Mars.Core.SimulationStarter.SimulationStarter - MARS simulation execution crashed by AggregateException 
[ERROR] 2020-05-31 23:11:35,340 | Mars.Core.SimulationStarter.SimulationStarter - Exception message: 
[ERROR] 2020-05-31 23:11:35,340 | Mars.Core.SimulationStarter.SimulationStarter - ######################################################## 
[ERROR] 2020-05-31 23:11:35,340 | Mars.Core.SimulationStarter.SimulationStarter - One or more errors occurred. (Index was out of range. Must be non-negative and less than the size of the collection.
Parameter name: index) 
[ERROR] 2020-05-31 23:11:35,340 | Mars.Core.SimulationStarter.SimulationStarter - ######################################################## 
[ERROR] 2020-05-31 23:44:00,741 | Mars.Core.SimulationStepExecutor.Implementation.StepExecutionUseCase - Index was out of range. Must be non-negative and less than the size of the collection.
Parameter name: index 
[ERROR] 2020-05-31 23:44:00,752 | Mars.Core.SimulationStarter.SimulationStarter - MARS simulation execution crashed by AggregateException 
[ERROR] 2020-05-31 23:44:00,752 | Mars.Core.SimulationStarter.SimulationStarter - Exception message: 
[ERROR] 2020-05-31 23:44:00,752 | Mars.Core.SimulationStarter.SimulationStarter - ######################################################## 
[ERROR] 2020-05-31 23:44:00,752 | Mars.Core.SimulationStarter.SimulationStarter - One or more errors occurred. (Index was out of range. Must be non-negative and less than the size of the collection.
Parameter name: index) 
[ERROR] 2020-05-31 23:44:00,752 | Mars.Core.SimulationStarter.SimulationStarter - ######################################################## 
[ERROR] 2020-05-31 23:57:27,799 | Mars.Core.SimulationStepExecutor.Implementation.StepExecutionUseCase - Index was out of range. Must be non-negative and less than the size of the collection.
Parameter name: index 
[ERROR] 2020-05-31 23:57:27,813 | Mars.Core.SimulationStarter.SimulationStarter - MARS simulation execution crashed by AggregateException 
[ERROR] 2020-05-31 23:57:27,813 | Mars.Core.SimulationStarter.SimulationStarter - Exception message: 
[ERROR] 2020-05-31 23:57:27,813 | Mars.Core.SimulationStarter.SimulationStarter - ######################################################## 
[ERROR] 2020-05-31 23:57:27,814 | Mars.Core.SimulationStarter.SimulationStarter - One or more errors occurred. (Index was out of range. Must be non-negative and less than the size of the collection.
Parameter name: index) 
[ERROR] 2020-05-31 23:57:27,814 | Mars.Core.SimulationStarter.SimulationStarter - ######################################################## 
[ERROR] 2020-05-31 23:59:14,026 | Mars.Core.SimulationStepExecutor.Implementation.StepExecutionUseCase - Index was out of range. Must be non-negative and less than the size of the collection.
Parameter name: index 
[ERROR] 2020-05-31 23:59:14,040 | Mars.Core.SimulationStarter.SimulationStarter - MARS simulation execution crashed by AggregateException 
[ERROR] 2020-05-31 23:59:14,040 | Mars.Core.SimulationStarter.SimulationStarter - Exception message: 
[ERROR] 2020-05-31 23:59:14,040 | Mars.Core.SimulationStarter.SimulationStarter - ######################################################## 
[ERROR] 2020-05-31 23:59:14,040 | Mars.Core.SimulationStarter.SimulationStarter - One or more errors occurred. (Index was out of range. Must be non-negative and less than the size of the collection.
Parameter name: index) 
[ERROR] 2020-05-31 23:59:14,040 | Mars.Core.SimulationStarter.SimulationStarter - ######################################################## 
[ERROR] 2020-06-01 00:01:25,885 | Mars.Core.SimulationStepExecutor.Implementation.StepExecutionUseCase - Index was out of range. Must be non-negative and less than the size of the collection.
Parameter name: index 
[ERROR] 2020-06-01 00:01:25,899 | Mars.Core.SimulationStarter.SimulationStarter - MARS simulation execution crashed by AggregateException 
[ERROR] 2020-06-01 00:01:25,899 | Mars.Core.SimulationStarter.SimulationStarter - Exception message: 
[ERROR] 2020-06-01 00:01:25,900 | Mars.Core.SimulationStarter.SimulationStarter - ######################################################## 
[ERROR] 2020-06-01 00:01:25,900 | Mars.Core.SimulationStarter.SimulationStarter - One or more errors occurred. (Index was out of range. Must be non-negative and less than the size of the collection.
Parameter name: index) 
[ERROR] 2020-06-01 00:01:25,900 | Mars.Core.SimulationStarter.SimulationStarter - ######################################################## 
[ERROR] 2020-06-01 00:04:00,137 | Mars.Core.SimulationStepExecutor.Implementation.StepExecutionUseCase - Index was out of range. Must be non-negative and less than the size of the collection.
Parameter name: index 
[ERROR] 2020-06-01 00:04:00,152 | Mars.Core.SimulationStarter.SimulationStarter - MARS simulation execution crashed by AggregateException 
[ERROR] 2020-06-01 00:04:00,152 | Mars.Core.SimulationStarter.SimulationStarter - Exception message: 
[ERROR] 2020-06-01 00:04:00,152 | Mars.Core.SimulationStarter.SimulationStarter - ######################################################## 
[ERROR] 2020-06-01 00:04:00,152 | Mars.Core.SimulationStarter.SimulationStarter - One or more errors occurred. (Index was out of range. Must be non-negative and less than the size of the collection.
Parameter name: index) 
[ERROR] 2020-06-01 00:04:00,152 | Mars.Core.SimulationStarter.SimulationStarter - ######################################################## 
[ERROR] 2020-06-01 00:05:11,305 | Mars.Core.SimulationStepExecutor.Implementation.StepExecutionUseCase - Index was out of range. Must be non-negative and less than the size of the collection.
Parameter name: index 
[ERROR] 2020-06-01 00:05:11,320 | Mars.Core.SimulationStarter.SimulationStarter - MARS simulation execution crashed by AggregateException 
[ERROR] 2020-06-01 00:05:11,320 | Mars.Core.SimulationStarter.SimulationStarter - Exception message: 
[ERROR] 2020-06-01 00:05:11,320 | Mars.Core.SimulationStarter.SimulationStarter - ######################################################## 
[ERROR] 2020-06-01 00:05:11,320 | Mars.Core.SimulationStarter.SimulationStarter - One or more errors occurred. (Index was out of range. Must be non-negative and less than the size of the collection.
Parameter name: index) 
[ERROR] 2020-06-01 00:05:11,320 | Mars.Core.SimulationStarter.SimulationStarter - ######################################################## 
[ERROR] 2020-06-01 00:08:30,908 | Mars.Core.SimulationStepExecutor.Implementation.StepExecutionUseCase - Index was out of range. Must be non-negative and less than the size of the collection.
Parameter name: index 
[ERROR] 2020-06-01 00:08:30,927 | Mars.Core.SimulationStarter.SimulationStarter - MARS simulation execution crashed by AggregateException 
[ERROR] 2020-06-01 00:08:30,927 | Mars.Core.SimulationStarter.SimulationStarter - Exception message: 
[ERROR] 2020-06-01 00:08:30,927 | Mars.Core.SimulationStarter.SimulationStarter - ######################################################## 
[ERROR] 2020-06-01 00:08:30,927 | Mars.Core.SimulationStarter.SimulationStarter - One or more errors occurred. (Index was out of range. Must be non-negative and less than the size of the collection.
Parameter name: index) 
[ERROR] 2020-06-01 00:08:30,927 | Mars.Core.SimulationStarter.SimulationStarter - ######################################################## 
[ERROR] 2020-06-01 00:31:18,934 | Mars.Core.SimulationStepExecutor.Implementation.StepExecutionUseCase - Index was out of range. Must be non-negative and less than the size of the collection.
Parameter name: index 
[ERROR] 2020-06-01 00:31:18,944 | Mars.Core.SimulationStarter.SimulationStarter - MARS simulation execution crashed by AggregateException 
[ERROR] 2020-06-01 00:31:18,945 | Mars.Core.SimulationStarter.SimulationStarter - Exception message: 
[ERROR] 2020-06-01 00:31:18,945 | Mars.Core.SimulationStarter.SimulationStarter - ######################################################## 
[ERROR] 2020-06-01 00:31:18,945 | Mars.Core.SimulationStarter.SimulationStarter - One or more errors occurred. (Index was out of range. Must be non-negative and less than the size of the collection.
Parameter name: index) 
[ERROR] 2020-06-01 00:31:18,945 | Mars.Core.SimulationStarter.SimulationStarter - ######################################################## 
[ERROR] 2020-06-01 00:39:01,709 | Mars.Core.SimulationStepExecutor.Implementation.StepExecutionUseCase - Index was out of range. Must be non-negative and less than the size of the collection.
Parameter name: index 
[ERROR] 2020-06-01 00:39:01,720 | Mars.Core.SimulationStarter.SimulationStarter - MARS simulation execution crashed by AggregateException 
[ERROR] 2020-06-01 00:39:01,720 | Mars.Core.SimulationStarter.SimulationStarter - Exception message: 
[ERROR] 2020-06-01 00:39:01,720 | Mars.Core.SimulationStarter.SimulationStarter - ######################################################## 
[ERROR] 2020-06-01 00:39:01,720 | Mars.Core.SimulationStarter.SimulationStarter - One or more errors occurred. (Index was out of range. Must be non-negative and less than the size of the collection.
Parameter name: index) 
[ERROR] 2020-06-01 00:39:01,720 | Mars.Core.SimulationStarter.SimulationStarter - ######################################################## 
[ERROR] 2020-06-01 02:42:34,006 | Mars.Core.SimulationStepExecutor.Implementation.StepExecutionUseCase - Object reference not set to an instance of an object. 
[ERROR] 2020-06-01 02:42:34,034 | Mars.Core.SimulationStarter.SimulationStarter - MARS simulation execution crashed by AggregateException 
[ERROR] 2020-06-01 02:42:34,034 | Mars.Core.SimulationStarter.SimulationStarter - Exception message: 
[ERROR] 2020-06-01 02:42:34,034 | Mars.Core.SimulationStarter.SimulationStarter - ######################################################## 
[ERROR] 2020-06-01 02:42:34,034 | Mars.Core.SimulationStarter.SimulationStarter - One or more errors occurred. (Object reference not set to an instance of an object.) 
[ERROR] 2020-06-01 02:42:34,034 | Mars.Core.SimulationStarter.SimulationStarter - ######################################################## 
[ERROR] 2020-06-01 02:45:03,628 | Mars.Core.SimulationStepExecutor.Implementation.StepExecutionUseCase - Object reference not set to an instance of an object. 
[ERROR] 2020-06-01 02:45:03,648 | Mars.Core.SimulationStarter.SimulationStarter - MARS simulation execution crashed by AggregateException 
[ERROR] 2020-06-01 02:45:03,648 | Mars.Core.SimulationStarter.SimulationStarter - Exception message: 
[ERROR] 2020-06-01 02:45:03,648 | Mars.Core.SimulationStarter.SimulationStarter - ######################################################## 
[ERROR] 2020-06-01 02:45:03,648 | Mars.Core.SimulationStarter.SimulationStarter - One or more errors occurred. (Object reference not set to an instance of an object.) 
[ERROR] 2020-06-01 02:45:03,649 | Mars.Core.SimulationStarter.SimulationStarter - ######################################################## 
[ERROR] 2020-06-01 02:46:52,940 | Mars.Core.SimulationStepExecutor.Implementation.StepExecutionUseCase - Object reference not set to an instance of an object. 
[ERROR] 2020-06-01 02:46:52,952 | Mars.Core.SimulationStarter.SimulationStarter - MARS simulation execution crashed by AggregateException 
[ERROR] 2020-06-01 02:46:52,952 | Mars.Core.SimulationStarter.SimulationStarter - Exception message: 
[ERROR] 2020-06-01 02:46:52,952 | Mars.Core.SimulationStarter.SimulationStarter - ######################################################## 
[ERROR] 2020-06-01 02:46:52,952 | Mars.Core.SimulationStarter.SimulationStarter - One or more errors occurred. (Object reference not set to an instance of an object.) 
[ERROR] 2020-06-01 02:46:52,952 | Mars.Core.SimulationStarter.SimulationStarter - ######################################################## 
[ERROR] 2020-06-01 02:48:01,976 | Mars.Core.SimulationStepExecutor.Implementation.StepExecutionUseCase - Object reference not set to an instance of an object. 
[ERROR] 2020-06-01 02:48:01,990 | Mars.Core.SimulationStarter.SimulationStarter - MARS simulation execution crashed by AggregateException 
[ERROR] 2020-06-01 02:48:01,990 | Mars.Core.SimulationStarter.SimulationStarter - Exception message: 
[ERROR] 2020-06-01 02:48:01,990 | Mars.Core.SimulationStarter.SimulationStarter - ######################################################## 
[ERROR] 2020-06-01 02:48:01,990 | Mars.Core.SimulationStarter.SimulationStarter - One or more errors occurred. (Object reference not set to an instance of an object.) 
[ERROR] 2020-06-01 02:48:01,990 | Mars.Core.SimulationStarter.SimulationStarter - ######################################################## 
[ERROR] 2020-06-01 02:49:35,543 | Mars.Core.SimulationStepExecutor.Implementation.StepExecutionUseCase - Object reference not set to an instance of an object. 
[ERROR] 2020-06-01 02:49:35,551 | Mars.Core.SimulationStarter.SimulationStarter - MARS simulation execution crashed by AggregateException 
[ERROR] 2020-06-01 02:49:35,551 | Mars.Core.SimulationStarter.SimulationStarter - Exception message: 
[ERROR] 2020-06-01 02:49:35,551 | Mars.Core.SimulationStarter.SimulationStarter - ######################################################## 
[ERROR] 2020-06-01 02:49:35,551 | Mars.Core.SimulationStarter.SimulationStarter - One or more errors occurred. (Object reference not set to an instance of an object.) 
[ERROR] 2020-06-01 02:49:35,551 | Mars.Core.SimulationStarter.SimulationStarter - ######################################################## 
[ERROR] 2020-06-01 02:50:24,650 | Mars.Core.SimulationStepExecutor.Implementation.StepExecutionUseCase - Object reference not set to an instance of an object. 
[ERROR] 2020-06-01 02:50:24,658 | Mars.Core.SimulationStarter.SimulationStarter - MARS simulation execution crashed by AggregateException 
[ERROR] 2020-06-01 02:50:24,659 | Mars.Core.SimulationStarter.SimulationStarter - Exception message: 
[ERROR] 2020-06-01 02:50:24,659 | Mars.Core.SimulationStarter.SimulationStarter - ######################################################## 
[ERROR] 2020-06-01 02:50:24,659 | Mars.Core.SimulationStarter.SimulationStarter - One or more errors occurred. (Object reference not set to an instance of an object.) 
[ERROR] 2020-06-01 02:50:24,659 | Mars.Core.SimulationStarter.SimulationStarter - ######################################################## 
[ERROR] 2020-06-01 02:51:58,877 | Mars.Core.SimulationStepExecutor.Implementation.StepExecutionUseCase - Object reference not set to an instance of an object. 
[ERROR] 2020-06-01 02:51:58,886 | Mars.Core.SimulationStarter.SimulationStarter - MARS simulation execution crashed by AggregateException 
[ERROR] 2020-06-01 02:51:58,886 | Mars.Core.SimulationStarter.SimulationStarter - Exception message: 
[ERROR] 2020-06-01 02:51:58,886 | Mars.Core.SimulationStarter.SimulationStarter - ######################################################## 
[ERROR] 2020-06-01 02:51:58,886 | Mars.Core.SimulationStarter.SimulationStarter - One or more errors occurred. (Object reference not set to an instance of an object.) 
[ERROR] 2020-06-01 02:51:58,886 | Mars.Core.SimulationStarter.SimulationStarter - ######################################################## 
[ERROR] 2020-06-01 02:53:27,065 | Mars.Core.SimulationStepExecutor.Implementation.StepExecutionUseCase - Object reference not set to an instance of an object. 
[ERROR] 2020-06-01 02:53:27,077 | Mars.Core.SimulationStarter.SimulationStarter - MARS simulation execution crashed by AggregateException 
[ERROR] 2020-06-01 02:53:27,077 | Mars.Core.SimulationStarter.SimulationStarter - Exception message: 
[ERROR] 2020-06-01 02:53:27,077 | Mars.Core.SimulationStarter.SimulationStarter - ######################################################## 
[ERROR] 2020-06-01 02:53:27,077 | Mars.Core.SimulationStarter.SimulationStarter - One or more errors occurred. (Object reference not set to an instance of an object.) 
[ERROR] 2020-06-01 02:53:27,077 | Mars.Core.SimulationStarter.SimulationStarter - ######################################################## 
[ERROR] 2020-06-01 08:47:45,820 | Mars.Core.SimulationStepExecutor.Implementation.StepExecutionUseCase - Object reference not set to an instance of an object. 
[ERROR] 2020-06-01 08:47:45,842 | Mars.Core.SimulationStarter.SimulationStarter - MARS simulation execution crashed by AggregateException 
[ERROR] 2020-06-01 08:47:45,842 | Mars.Core.SimulationStarter.SimulationStarter - Exception message: 
[ERROR] 2020-06-01 08:47:45,842 | Mars.Core.SimulationStarter.SimulationStarter - ######################################################## 
[ERROR] 2020-06-01 08:47:45,842 | Mars.Core.SimulationStarter.SimulationStarter - One or more errors occurred. (Object reference not set to an instance of an object.) 
[ERROR] 2020-06-01 08:47:45,842 | Mars.Core.SimulationStarter.SimulationStarter - ######################################################## 
[ERROR] 2020-06-01 08:48:45,631 | Mars.Core.SimulationStepExecutor.Implementation.StepExecutionUseCase - Object reference not set to an instance of an object. 
[ERROR] 2020-06-01 08:48:45,640 | Mars.Core.SimulationStarter.SimulationStarter - MARS simulation execution crashed by AggregateException 
[ERROR] 2020-06-01 08:48:45,640 | Mars.Core.SimulationStarter.SimulationStarter - Exception message: 
[ERROR] 2020-06-01 08:48:45,640 | Mars.Core.SimulationStarter.SimulationStarter - ######################################################## 
[ERROR] 2020-06-01 08:48:45,640 | Mars.Core.SimulationStarter.SimulationStarter - One or more errors occurred. (Object reference not set to an instance of an object.) 
[ERROR] 2020-06-01 08:48:45,640 | Mars.Core.SimulationStarter.SimulationStarter - ######################################################## 
[ERROR] 2020-06-01 09:31:46,267 | Mars.Core.SimulationStepExecutor.Implementation.StepExecutionUseCase - Object reference not set to an instance of an object. 
[ERROR] 2020-06-01 09:31:46,297 | Mars.Core.SimulationStarter.SimulationStarter - MARS simulation execution crashed by AggregateException 
[ERROR] 2020-06-01 09:31:46,297 | Mars.Core.SimulationStarter.SimulationStarter - Exception message: 
[ERROR] 2020-06-01 09:31:46,297 | Mars.Core.SimulationStarter.SimulationStarter - ######################################################## 
[ERROR] 2020-06-01 09:31:46,297 | Mars.Core.SimulationStarter.SimulationStarter - One or more errors occurred. (Object reference not set to an instance of an object.) 
[ERROR] 2020-06-01 09:31:46,297 | Mars.Core.SimulationStarter.SimulationStarter - ######################################################## 
[ERROR] 2020-06-01 09:34:06,558 | Mars.Core.SimulationStepExecutor.Implementation.StepExecutionUseCase - Object reference not set to an instance of an object. 
[ERROR] 2020-06-01 09:34:06,568 | Mars.Core.SimulationStarter.SimulationStarter - MARS simulation execution crashed by AggregateException 
[ERROR] 2020-06-01 09:34:06,569 | Mars.Core.SimulationStarter.SimulationStarter - Exception message: 
[ERROR] 2020-06-01 09:34:06,569 | Mars.Core.SimulationStarter.SimulationStarter - ######################################################## 
[ERROR] 2020-06-01 09:34:06,569 | Mars.Core.SimulationStarter.SimulationStarter - One or more errors occurred. (Object reference not set to an instance of an object.) 
[ERROR] 2020-06-01 09:34:06,569 | Mars.Core.SimulationStarter.SimulationStarter - ######################################################## 
[ERROR] 2020-06-01 09:36:37,101 | Mars.Core.SimulationStepExecutor.Implementation.StepExecutionUseCase - Object reference not set to an instance of an object. 
[ERROR] 2020-06-01 09:36:37,125 | Mars.Core.SimulationStarter.SimulationStarter - MARS simulation execution crashed by AggregateException 
[ERROR] 2020-06-01 09:36:37,125 | Mars.Core.SimulationStarter.SimulationStarter - Exception message: 
[ERROR] 2020-06-01 09:36:37,125 | Mars.Core.SimulationStarter.SimulationStarter - ######################################################## 
[ERROR] 2020-06-01 09:36:37,125 | Mars.Core.SimulationStarter.SimulationStarter - One or more errors occurred. (Object reference not set to an instance of an object.) 
[ERROR] 2020-06-01 09:36:37,125 | Mars.Core.SimulationStarter.SimulationStarter - ######################################################## 
[ERROR] 2020-06-01 09:37:07,851 | Mars.Core.SimulationStepExecutor.Implementation.StepExecutionUseCase - Object reference not set to an instance of an object. 
[ERROR] 2020-06-01 09:37:07,861 | Mars.Core.SimulationStarter.SimulationStarter - MARS simulation execution crashed by AggregateException 
[ERROR] 2020-06-01 09:37:07,861 | Mars.Core.SimulationStarter.SimulationStarter - Exception message: 
[ERROR] 2020-06-01 09:37:07,861 | Mars.Core.SimulationStarter.SimulationStarter - ######################################################## 
[ERROR] 2020-06-01 09:37:07,861 | Mars.Core.SimulationStarter.SimulationStarter - One or more errors occurred. (Object reference not set to an instance of an object.) 
[ERROR] 2020-06-01 09:37:07,861 | Mars.Core.SimulationStarter.SimulationStarter - ######################################################## 
[ERROR] 2020-06-01 09:37:31,454 | Mars.Core.SimulationStepExecutor.Implementation.StepExecutionUseCase - Object reference not set to an instance of an object. 
[ERROR] 2020-06-01 09:37:31,464 | Mars.Core.SimulationStarter.SimulationStarter - MARS simulation execution crashed by AggregateException 
[ERROR] 2020-06-01 09:37:31,464 | Mars.Core.SimulationStarter.SimulationStarter - Exception message: 
[ERROR] 2020-06-01 09:37:31,464 | Mars.Core.SimulationStarter.SimulationStarter - ######################################################## 
[ERROR] 2020-06-01 09:37:31,464 | Mars.Core.SimulationStarter.SimulationStarter - One or more errors occurred. (Object reference not set to an instance of an object.) 
[ERROR] 2020-06-01 09:37:31,464 | Mars.Core.SimulationStarter.SimulationStarter - ######################################################## 
[ERROR] 2020-06-01 09:38:35,887 | Mars.Core.SimulationStepExecutor.Implementation.StepExecutionUseCase - Object reference not set to an instance of an object. 
[ERROR] 2020-06-01 09:38:35,900 | Mars.Core.SimulationStarter.SimulationStarter - MARS simulation execution crashed by AggregateException 
[ERROR] 2020-06-01 09:38:35,900 | Mars.Core.SimulationStarter.SimulationStarter - Exception message: 
[ERROR] 2020-06-01 09:38:35,900 | Mars.Core.SimulationStarter.SimulationStarter - ######################################################## 
[ERROR] 2020-06-01 09:38:35,900 | Mars.Core.SimulationStarter.SimulationStarter - One or more errors occurred. (Object reference not set to an instance of an object.) 
[ERROR] 2020-06-01 09:38:35,900 | Mars.Core.SimulationStarter.SimulationStarter - ######################################################## 
[ERROR] 2020-06-01 09:39:38,569 | Mars.Core.SimulationStepExecutor.Implementation.StepExecutionUseCase - Object reference not set to an instance of an object. 
[ERROR] 2020-06-01 09:39:38,579 | Mars.Core.SimulationStarter.SimulationStarter - MARS simulation execution crashed by AggregateException 
[ERROR] 2020-06-01 09:39:38,579 | Mars.Core.SimulationStarter.SimulationStarter - Exception message: 
[ERROR] 2020-06-01 09:39:38,579 | Mars.Core.SimulationStarter.SimulationStarter - ######################################################## 
[ERROR] 2020-06-01 09:39:38,580 | Mars.Core.SimulationStarter.SimulationStarter - One or more errors occurred. (Object reference not set to an instance of an object.) 
[ERROR] 2020-06-01 09:39:38,580 | Mars.Core.SimulationStarter.SimulationStarter - ######################################################## 
[ERROR] 2020-06-01 09:40:46,335 | Mars.Core.SimulationStepExecutor.Implementation.StepExecutionUseCase - Object reference not set to an instance of an object. 
[ERROR] 2020-06-01 09:40:46,346 | Mars.Core.SimulationStarter.SimulationStarter - MARS simulation execution crashed by AggregateException 
[ERROR] 2020-06-01 09:40:46,346 | Mars.Core.SimulationStarter.SimulationStarter - Exception message: 
[ERROR] 2020-06-01 09:40:46,346 | Mars.Core.SimulationStarter.SimulationStarter - ######################################################## 
[ERROR] 2020-06-01 09:40:46,346 | Mars.Core.SimulationStarter.SimulationStarter - One or more errors occurred. (Object reference not set to an instance of an object.) 
[ERROR] 2020-06-01 09:40:46,346 | Mars.Core.SimulationStarter.SimulationStarter - ######################################################## 
[ERROR] 2020-06-01 09:41:50,135 | Mars.Core.SimulationStepExecutor.Implementation.StepExecutionUseCase - Object reference not set to an instance of an object. 
[ERROR] 2020-06-01 09:41:50,159 | Mars.Core.SimulationStarter.SimulationStarter - MARS simulation execution crashed by AggregateException 
[ERROR] 2020-06-01 09:41:50,159 | Mars.Core.SimulationStarter.SimulationStarter - Exception message: 
[ERROR] 2020-06-01 09:41:50,159 | Mars.Core.SimulationStarter.SimulationStarter - ######################################################## 
[ERROR] 2020-06-01 09:41:50,159 | Mars.Core.SimulationStarter.SimulationStarter - One or more errors occurred. (Object reference not set to an instance of an object.) 
[ERROR] 2020-06-01 09:41:50,159 | Mars.Core.SimulationStarter.SimulationStarter - ######################################################## 
[ERROR] 2020-06-01 11:35:52,779 | Mars.Core.SimulationStepExecutor.Implementation.StepExecutionUseCase - Index was out of range. Must be non-negative and less than the size of the collection.
Parameter name: index 
[ERROR] 2020-06-01 11:35:52,788 | Mars.Core.SimulationStarter.SimulationStarter - MARS simulation execution crashed by AggregateException 
[ERROR] 2020-06-01 11:35:52,788 | Mars.Core.SimulationStarter.SimulationStarter - Exception message: 
[ERROR] 2020-06-01 11:35:52,788 | Mars.Core.SimulationStarter.SimulationStarter - ######################################################## 
[ERROR] 2020-06-01 11:35:52,788 | Mars.Core.SimulationStarter.SimulationStarter - One or more errors occurred. (Index was out of range. Must be non-negative and less than the size of the collection.
Parameter name: index) 
[ERROR] 2020-06-01 11:35:52,788 | Mars.Core.SimulationStarter.SimulationStarter - ######################################################## 
[ERROR] 2020-06-01 11:37:01,080 | Mars.Core.SimulationStepExecutor.Implementation.StepExecutionUseCase - Index was out of range. Must be non-negative and less than the size of the collection.
Parameter name: index 
[ERROR] 2020-06-01 11:37:01,089 | Mars.Core.SimulationStarter.SimulationStarter - MARS simulation execution crashed by AggregateException 
[ERROR] 2020-06-01 11:37:01,089 | Mars.Core.SimulationStarter.SimulationStarter - Exception message: 
[ERROR] 2020-06-01 11:37:01,089 | Mars.Core.SimulationStarter.SimulationStarter - ######################################################## 
[ERROR] 2020-06-01 11:37:01,089 | Mars.Core.SimulationStarter.SimulationStarter - One or more errors occurred. (Index was out of range. Must be non-negative and less than the size of the collection.
Parameter name: index) 
[ERROR] 2020-06-01 11:37:01,089 | Mars.Core.SimulationStarter.SimulationStarter - ######################################################## 
[ERROR] 2020-06-01 11:39:20,079 | Mars.Core.SimulationStepExecutor.Implementation.StepExecutionUseCase - Index was out of range. Must be non-negative and less than the size of the collection.
Parameter name: index 
[ERROR] 2020-06-01 11:39:20,088 | Mars.Core.SimulationStarter.SimulationStarter - MARS simulation execution crashed by AggregateException 
[ERROR] 2020-06-01 11:39:20,088 | Mars.Core.SimulationStarter.SimulationStarter - Exception message: 
[ERROR] 2020-06-01 11:39:20,088 | Mars.Core.SimulationStarter.SimulationStarter - ######################################################## 
[ERROR] 2020-06-01 11:39:20,088 | Mars.Core.SimulationStarter.SimulationStarter - One or more errors occurred. (Index was out of range. Must be non-negative and less than the size of the collection.
Parameter name: index) 
[ERROR] 2020-06-01 11:39:20,088 | Mars.Core.SimulationStarter.SimulationStarter - ######################################################## 
